Copyright 1986-2018 Xilinx, Inc. All Rights Reserved.
------------------------------------------------------------------------------------------
| Tool Version : Vivado v.2018.2 (win64) Build 2258646 Thu Jun 14 20:03:12 MDT 2018
| Date         : Tue Nov 26 16:21:25 2019
| Host         : LAPTOP-7KFHSKA6 running 64-bit major release  (build 9200)
| Command      : report_control_sets -verbose -file RoodVgaScherm_control_sets_placed.rpt
| Design       : RoodVgaScherm
| Device       : xc7a100t
------------------------------------------------------------------------------------------

Control Set Information

Table of Contents
-----------------
1. Summary
2. Histogram
3. Flip-Flop Distribution
4. Detailed Control Set Information

1. Summary
----------

+----------------------------------------------------------+-------+
|                          Status                          | Count |
+----------------------------------------------------------+-------+
| Number of unique control sets                            |     3 |
| Unused register locations in slices containing registers |    14 |
+----------------------------------------------------------+-------+


2. Histogram
------------

+--------+--------------+
| Fanout | Control Sets |
+--------+--------------+
|      2 |            1 |
|    16+ |            2 |
+--------+--------------+


3. Flip-Flop Distribution
-------------------------

+--------------+-----------------------+------------------------+-----------------+--------------+
| Clock Enable | Synchronous Set/Reset | Asynchronous Set/Reset | Total Registers | Total Slices |
+--------------+-----------------------+------------------------+-----------------+--------------+
| No           | No                    | No                     |               2 |            1 |
| No           | No                    | Yes                    |               0 |            0 |
| No           | Yes                   | No                     |              64 |           10 |
| Yes          | No                    | No                     |               0 |            0 |
| Yes          | No                    | Yes                    |               0 |            0 |
| Yes          | Yes                   | No                     |               0 |            0 |
+--------------+-----------------------+------------------------+-----------------+--------------+


4. Detailed Control Set Information
-----------------------------------

+----------------------+---------------+-----------------------------+------------------+----------------+
|     Clock Signal     | Enable Signal |       Set/Reset Signal      | Slice Load Count | Bel Load Count |
+----------------------+---------------+-----------------------------+------------------+----------------+
|  CLK100MHZ_IBUF_BUFG |               |                             |                1 |              2 |
|  CLK25MHZ            |               | verticaal/horizontaal/clear |                4 |             20 |
|  CLK100MHZ_IBUF_BUFG |               | klokTeller[0]_i_1_n_0       |                6 |             44 |
+----------------------+---------------+-----------------------------+------------------+----------------+


