Copyright 1986-2018 Xilinx, Inc. All Rights Reserved.
------------------------------------------------------------------------------------------
| Tool Version : Vivado v.2018.2 (win64) Build 2258646 Thu Jun 14 20:03:12 MDT 2018
| Date         : Tue Nov 19 14:07:21 2019
| Host         : LAPTOP-7KFHSKA6 running 64-bit major release  (build 9200)
| Command      : report_control_sets -verbose -file LedSequenties_control_sets_placed.rpt
| Design       : LedSequenties
| Device       : xc7a100t
------------------------------------------------------------------------------------------

Control Set Information

Table of Contents
-----------------
1. Summary
2. Histogram
3. Flip-Flop Distribution
4. Detailed Control Set Information

1. Summary
----------

+----------------------------------------------------------+-------+
|                          Status                          | Count |
+----------------------------------------------------------+-------+
| Number of unique control sets                            |     6 |
| Unused register locations in slices containing registers |    16 |
+----------------------------------------------------------+-------+


2. Histogram
------------

+--------+--------------+
| Fanout | Control Sets |
+--------+--------------+
|      2 |            2 |
|      8 |            1 |
|    16+ |            3 |
+--------+--------------+


3. Flip-Flop Distribution
-------------------------

+--------------+-----------------------+------------------------+-----------------+--------------+
| Clock Enable | Synchronous Set/Reset | Asynchronous Set/Reset | Total Registers | Total Slices |
+--------------+-----------------------+------------------------+-----------------+--------------+
| No           | No                    | No                     |               4 |            2 |
| No           | No                    | Yes                    |               0 |            0 |
| No           | Yes                   | No                     |              84 |           13 |
| Yes          | No                    | No                     |               0 |            0 |
| Yes          | No                    | Yes                    |               0 |            0 |
| Yes          | Yes                   | No                     |               0 |            0 |
+--------------+-----------------------+------------------------+-----------------+--------------+


4. Detailed Control Set Information
-----------------------------------

+----------------------+---------------+---------------------+------------------+----------------+
|     Clock Signal     | Enable Signal |   Set/Reset Signal  | Slice Load Count | Bel Load Count |
+----------------------+---------------+---------------------+------------------+----------------+
|  CLK100MHZ_IBUF_BUFG |               |                     |                1 |              2 |
|  CLK20HZ             |               |                     |                1 |              2 |
|  CLK20HZ             |               | reset_IBUF          |                2 |              8 |
|  CLK20HZ             |               | LED[7]_i_1_n_0      |                3 |             16 |
|  CLK20HZ             |               | ledTeller_reg__0[3] |                2 |             16 |
|  CLK100MHZ_IBUF_BUFG |               | clear               |                6 |             44 |
+----------------------+---------------+---------------------+------------------+----------------+


